Using pre-set license
Built from '2020.3/staging' branch; Version is '2020.3.16f1 (049d6eca3c44) revision 302446'; Using compiler version '192528614'; Build Type 'Release'
OS: 'Windows 10 Home; OS build 19042.1288; Version 2009; 64bit' Language: 'zh' Physical Memory: 15789 MB
BatchMode: 1, IsHumanControllingUs: 0, StartBugReporterOnCrash: 0, Is64bit: 1, IsPro: 0

 COMMAND LINE ARGUMENTS:
C:\Program Files\Unity\Hub\Editor\2020.3.16f1\Editor\Unity.exe
-adb2
-batchMode
-noUpm
-name
AssetImportWorker0
-projectPath
C:/Users/willy/Documents/GitHub/Unity_lesson_GoogleVR/Unity_lesson_GoogleVR
-logFile
Logs/AssetImportWorker0.log
-srvPort
4979
Successfully changed project path to: C:/Users/willy/Documents/GitHub/Unity_lesson_GoogleVR/Unity_lesson_GoogleVR
C:/Users/willy/Documents/GitHub/Unity_lesson_GoogleVR/Unity_lesson_GoogleVR
Using Asset Import Pipeline V2.
Refreshing native plugins compatible for Editor in 46.38 ms, found 2 plugins.
Preloading 0 native plugins for Editor in 0.00 ms.
Initialize engine version: 2020.3.16f1 (049d6eca3c44)
[Subsystems] Discovering subsystems at path C:/Program Files/Unity/Hub/Editor/2020.3.16f1/Editor/Data/Resources/UnitySubsystems
[Subsystems] Discovering subsystems at path C:/Users/willy/Documents/GitHub/Unity_lesson_GoogleVR/Unity_lesson_GoogleVR/Assets
GfxDevice: creating device client; threaded=0
Direct3D:
    Version:  Direct3D 11.0 [level 11.1]
    Renderer: NVIDIA GeForce RTX 2060 (ID=0x1f15)
    Vendor:   
    VRAM:     5980 MB
    Driver:   30.0.14.7196
Initialize mono
Mono path[0] = 'C:/Program Files/Unity/Hub/Editor/2020.3.16f1/Editor/Data/Managed'
Mono path[1] = 'C:/Program Files/Unity/Hub/Editor/2020.3.16f1/Editor/Data/MonoBleedingEdge/lib/mono/unityjit'
Mono config path = 'C:/Program Files/Unity/Hub/Editor/2020.3.16f1/Editor/Data/MonoBleedingEdge/etc'
Using monoOptions --debugger-agent=transport=dt_socket,embedding=1,server=y,suspend=n,address=127.0.0.1:56712
Begin MonoManager ReloadAssembly
Registering precompiled unity dll's ...
Register platform support module: C:/Program Files/Unity/Hub/Editor/2020.3.16f1/Editor/Data/PlaybackEngines/WebGLSupport/UnityEditor.WebGL.Extensions.dll
Register platform support module: C:/Program Files/Unity/Hub/Editor/2020.3.16f1/Editor/Data/PlaybackEngines/WindowsStandaloneSupport/UnityEditor.WindowsStandalone.Extensions.dll
Registered in 0.008369 seconds.
Native extension for WindowsStandalone target not found
Native extension for WebGL target not found
Refreshing native plugins compatible for Editor in 40.12 ms, found 2 plugins.
Preloading 0 native plugins for Editor in 0.00 ms.
Mono: successfully reloaded assembly
- Completed reload, in  3.335 seconds
Domain Reload Profiling:
	ReloadAssembly (3336ms)
		BeginReloadAssembly (106ms)
			ExecutionOrderSort (0ms)
			DisableScriptedObjects (0ms)
			BackupInstance (0ms)
			ReleaseScriptingObjects (0ms)
			CreateAndSetChildDomain (1ms)
		EndReloadAssembly (519ms)
			LoadAssemblies (104ms)
			RebuildTransferFunctionScriptingTraits (0ms)
			SetupTypeCache (173ms)
			ReleaseScriptCaches (0ms)
			RebuildScriptCaches (33ms)
			SetupLoadedEditorAssemblies (205ms)
				LogAssemblyErrors (0ms)
				InitializePlatformSupportModulesInManaged (8ms)
				SetLoadedEditorAssemblies (0ms)
				RefreshPlugins (40ms)
				BeforeProcessingInitializeOnLoad (20ms)
				ProcessInitializeOnLoadAttributes (95ms)
				ProcessInitializeOnLoadMethodAttributes (42ms)
				AfterProcessingInitializeOnLoad (0ms)
				EditorAssembliesLoaded (0ms)
			ExecutionOrderSort2 (0ms)
			AwakeInstancesAfterBackupRestoration (0ms)
Platform modules already initialized, skipping
Registering precompiled user dll's ...
Registered in 0.009237 seconds.
Begin MonoManager ReloadAssembly
Native extension for WindowsStandalone target not found
Native extension for WebGL target not found
Refreshing native plugins compatible for Editor in 0.39 ms, found 2 plugins.
Preloading 0 native plugins for Editor in 0.00 ms.
Mono: successfully reloaded assembly
- Completed reload, in  1.469 seconds
Domain Reload Profiling:
	ReloadAssembly (1471ms)
		BeginReloadAssembly (205ms)
			ExecutionOrderSort (0ms)
			DisableScriptedObjects (4ms)
			BackupInstance (0ms)
			ReleaseScriptingObjects (0ms)
			CreateAndSetChildDomain (28ms)
		EndReloadAssembly (1176ms)
			LoadAssemblies (161ms)
			RebuildTransferFunctionScriptingTraits (0ms)
			SetupTypeCache (371ms)
			ReleaseScriptCaches (0ms)
			RebuildScriptCaches (49ms)
			SetupLoadedEditorAssemblies (512ms)
				LogAssemblyErrors (0ms)
				InitializePlatformSupportModulesInManaged (8ms)
				SetLoadedEditorAssemblies (1ms)
				RefreshPlugins (0ms)
				BeforeProcessingInitializeOnLoad (121ms)
				ProcessInitializeOnLoadAttributes (363ms)
				ProcessInitializeOnLoadMethodAttributes (4ms)
				AfterProcessingInitializeOnLoad (15ms)
				EditorAssembliesLoaded (0ms)
			ExecutionOrderSort2 (0ms)
			AwakeInstancesAfterBackupRestoration (8ms)
Platform modules already initialized, skipping
========================================================================
Worker process is ready to serve import requests
Launched and connected shader compiler UnityShaderCompiler.exe after 0.10 seconds
Refreshing native plugins compatible for Editor in 0.68 ms, found 2 plugins.
Preloading 0 native plugins for Editor in 0.00 ms.
Unloading 1488 Unused Serialized files (Serialized files now loaded: 0)
System memory in use before: 68.5 MB.
System memory in use after: 68.5 MB.

Unloading 19 unused Assets to reduce memory usage. Loaded Objects now: 1923.
Total: 3.957800 ms (FindLiveObjects: 0.239200 ms CreateObjectMapping: 0.034400 ms MarkObjects: 3.580100 ms  DeleteObjects: 0.102100 ms)

AssetImportParameters requested are different than current active one (requested -> active):
  custom:framework-win-MediaFoundation: 216162199b28c13a410421893ffa2e32 -> 
  custom:video-decoder-ogg-theora: a1e56fd34408186e4bbccfd4996cb3dc -> 
  custom:container-muxer-webm: aa71ff27fc2769a1b78a27578f13a17b -> 
  custom:container-demuxer-webm: 4f35f7cbe854078d1ac9338744f61a02 -> 
  custom:container-demuxer-ogg: 62fdf1f143b41e24485cea50d1cbac27 -> 
  custom:video-encoder-webm-vp8: eb34c28f22e8b96e1ab97ce403110664 -> 
  custom:video-decoder-webm-vp8: 9c59270c3fd7afecdb556c50c9e8de78 -> 
  custom:audio-decoder-ogg-vorbis: bf7c407c2cedff20999df2af8eb42d56 -> 
  custom:audio-encoder-webm-vorbis: bf7c407c2cedff20999df2af8eb42d56 -> 
========================================================================
Received Import Request.
  path: Assets/Scenes/Scene1.unity
  artifactKey: Guid(7eff2cbd8687378409e329485eeb2f04) Importer(815301076,1909f56bfc062723c751e8b465ee728b)
Start importing Assets/Scenes/Scene1.unity using Guid(7eff2cbd8687378409e329485eeb2f04) Importer(815301076,1909f56bfc062723c751e8b465ee728b)  -> (artifact id: 'b9cbe6b59ad03802536f31a74a2574bb') in 0.025969 seconds 
  Import took 0.029279 seconds .

========================================================================
Received Prepare
Registering precompiled user dll's ...
Registered in 0.010027 seconds.
Begin MonoManager ReloadAssembly
Native extension for WindowsStandalone target not found
Native extension for WebGL target not found
Refreshing native plugins compatible for Editor in 0.57 ms, found 2 plugins.
Preloading 0 native plugins for Editor in 0.00 ms.
Mono: successfully reloaded assembly
- Completed reload, in  1.509 seconds
Domain Reload Profiling:
	ReloadAssembly (1510ms)
		BeginReloadAssembly (261ms)
			ExecutionOrderSort (0ms)
			DisableScriptedObjects (9ms)
			BackupInstance (0ms)
			ReleaseScriptingObjects (0ms)
			CreateAndSetChildDomain (74ms)
		EndReloadAssembly (1148ms)
			LoadAssemblies (183ms)
			RebuildTransferFunctionScriptingTraits (0ms)
			SetupTypeCache (338ms)
			ReleaseScriptCaches (1ms)
			RebuildScriptCaches (47ms)
			SetupLoadedEditorAssemblies (500ms)
				LogAssemblyErrors (0ms)
				InitializePlatformSupportModulesInManaged (13ms)
				SetLoadedEditorAssemblies (1ms)
				RefreshPlugins (1ms)
				BeforeProcessingInitializeOnLoad (127ms)
				ProcessInitializeOnLoadAttributes (337ms)
				ProcessInitializeOnLoadMethodAttributes (5ms)
				AfterProcessingInitializeOnLoad (17ms)
				EditorAssembliesLoaded (0ms)
			ExecutionOrderSort2 (0ms)
			AwakeInstancesAfterBackupRestoration (8ms)
Platform modules already initialized, skipping
Switching build target platform(19) subTarget(0) extendedPlatform(0) -> platform(13) subTarget(524288) extendedPlatform(0)
Refreshing native plugins compatible for Editor in 0.86 ms, found 2 plugins.
Preloading 0 native plugins for Editor in 0.00 ms.
Unloading 1481 Unused Serialized files (Serialized files now loaded: 0)
System memory in use before: 68.0 MB.
System memory in use after: 68.1 MB.

Unloading 14 unused Assets to reduce memory usage. Loaded Objects now: 1926.
Total: 4.777600 ms (FindLiveObjects: 0.200400 ms CreateObjectMapping: 0.033500 ms MarkObjects: 4.518200 ms  DeleteObjects: 0.022900 ms)

AssetImportParameters requested are different than current active one (requested -> active):
  custom:framework-win-MediaFoundation: 216162199b28c13a410421893ffa2e32 -> 
  custom:video-decoder-ogg-theora: a1e56fd34408186e4bbccfd4996cb3dc -> 
  custom:container-muxer-webm: aa71ff27fc2769a1b78a27578f13a17b -> 
  custom:container-demuxer-webm: 4f35f7cbe854078d1ac9338744f61a02 -> 
  custom:container-demuxer-ogg: 62fdf1f143b41e24485cea50d1cbac27 -> 
  custom:video-encoder-webm-vp8: eb34c28f22e8b96e1ab97ce403110664 -> 
  custom:video-decoder-webm-vp8: 9c59270c3fd7afecdb556c50c9e8de78 -> 
  custom:graphics/normal-map-encoding: 01000000000000000000000000000000 -> 02000000000000000000000000000000
  custom:audio-decoder-ogg-vorbis: bf7c407c2cedff20999df2af8eb42d56 -> 
  custom:audio-encoder-webm-vorbis: bf7c407c2cedff20999df2af8eb42d56 -> 
========================================================================
Received Import Request.
  Time since last request: 214.993940 seconds.
  path: Assets/Script
  artifactKey: Guid(fb0c1c1ea3d067c47b211a3fe43cd488) Importer(815301076,1909f56bfc062723c751e8b465ee728b)
Start importing Assets/Script using Guid(fb0c1c1ea3d067c47b211a3fe43cd488) Importer(815301076,1909f56bfc062723c751e8b465ee728b)  -> (artifact id: '8357ea5f35876891590507a95a1d5e4c') in 0.017683 seconds 
  Import took 0.021057 seconds .

========================================================================
Received Prepare
Registering precompiled user dll's ...
Registered in 0.009332 seconds.
Begin MonoManager ReloadAssembly
Native extension for WindowsStandalone target not found
Native extension for WebGL target not found
Refreshing native plugins compatible for Editor in 0.40 ms, found 2 plugins.
Preloading 0 native plugins for Editor in 0.00 ms.
Mono: successfully reloaded assembly
- Completed reload, in  1.599 seconds
Domain Reload Profiling:
	ReloadAssembly (1600ms)
		BeginReloadAssembly (264ms)
			ExecutionOrderSort (0ms)
			DisableScriptedObjects (11ms)
			BackupInstance (0ms)
			ReleaseScriptingObjects (0ms)
			CreateAndSetChildDomain (74ms)
		EndReloadAssembly (1248ms)
			LoadAssemblies (187ms)
			RebuildTransferFunctionScriptingTraits (0ms)
			SetupTypeCache (374ms)
			ReleaseScriptCaches (1ms)
			RebuildScriptCaches (54ms)
			SetupLoadedEditorAssemblies (520ms)
				LogAssemblyErrors (0ms)
				InitializePlatformSupportModulesInManaged (10ms)
				SetLoadedEditorAssemblies (0ms)
				RefreshPlugins (0ms)
				BeforeProcessingInitializeOnLoad (120ms)
				ProcessInitializeOnLoadAttributes (360ms)
				ProcessInitializeOnLoadMethodAttributes (6ms)
				AfterProcessingInitializeOnLoad (22ms)
				EditorAssembliesLoaded (0ms)
			ExecutionOrderSort2 (0ms)
			AwakeInstancesAfterBackupRestoration (10ms)
Platform modules already initialized, skipping
Switching build target platform(19) subTarget(0) extendedPlatform(0) -> platform(13) subTarget(524288) extendedPlatform(0)
Refreshing native plugins compatible for Editor in 0.97 ms, found 2 plugins.
Preloading 0 native plugins for Editor in 0.00 ms.
Unloading 1481 Unused Serialized files (Serialized files now loaded: 0)
System memory in use before: 68.0 MB.
System memory in use after: 68.2 MB.

Unloading 14 unused Assets to reduce memory usage. Loaded Objects now: 1929.
Total: 7.161400 ms (FindLiveObjects: 0.298500 ms CreateObjectMapping: 0.089500 ms MarkObjects: 6.659900 ms  DeleteObjects: 0.109600 ms)

AssetImportParameters requested are different than current active one (requested -> active):
  custom:framework-win-MediaFoundation: 216162199b28c13a410421893ffa2e32 -> 
  custom:video-decoder-ogg-theora: a1e56fd34408186e4bbccfd4996cb3dc -> 
  custom:container-muxer-webm: aa71ff27fc2769a1b78a27578f13a17b -> 
  custom:container-demuxer-webm: 4f35f7cbe854078d1ac9338744f61a02 -> 
  custom:container-demuxer-ogg: 62fdf1f143b41e24485cea50d1cbac27 -> 
  custom:video-encoder-webm-vp8: eb34c28f22e8b96e1ab97ce403110664 -> 
  custom:video-decoder-webm-vp8: 9c59270c3fd7afecdb556c50c9e8de78 -> 
  custom:graphics/normal-map-encoding: 01000000000000000000000000000000 -> 02000000000000000000000000000000
  custom:audio-decoder-ogg-vorbis: bf7c407c2cedff20999df2af8eb42d56 -> 
  custom:audio-encoder-webm-vorbis: bf7c407c2cedff20999df2af8eb42d56 -> 
========================================================================
Received Import Request.
  Time since last request: 9.521665 seconds.
  path: Assets/素材/材質/天空.mat
  artifactKey: Guid(a74a353876a2b7742a59d4d8b9d46b9f) Importer(815301076,1909f56bfc062723c751e8b465ee728b)
Start importing Assets/素材/材質/天空.mat using Guid(a74a353876a2b7742a59d4d8b9d46b9f) Importer(815301076,1909f56bfc062723c751e8b465ee728b)  -> (artifact id: '2f5287153c7bf1cf5d191cdb3bcdd38a') in 0.322824 seconds 
  Import took 0.328082 seconds .

========================================================================
Received Import Request.
  Time since last request: 154.282411 seconds.
  path: Assets/Animation/Door.anim
  artifactKey: Guid(7f75dfd93495527459bedab12b1c6f1a) Importer(815301076,1909f56bfc062723c751e8b465ee728b)
Start importing Assets/Animation/Door.anim using Guid(7f75dfd93495527459bedab12b1c6f1a) Importer(815301076,1909f56bfc062723c751e8b465ee728b)  -> (artifact id: 'cb7dee4b8106da7df4524f72a5960d19') in 0.008678 seconds 
  Import took 0.012485 seconds .

========================================================================
Received Import Request.
  Time since last request: 42.275399 seconds.
  path: Assets/Animation/New Animation.anim
  artifactKey: Guid(7fae580991b23954fa828973769e78ff) Importer(815301076,1909f56bfc062723c751e8b465ee728b)
Start importing Assets/Animation/New Animation.anim using Guid(7fae580991b23954fa828973769e78ff) Importer(815301076,1909f56bfc062723c751e8b465ee728b)  -> (artifact id: 'c810f0422612aa075d1d23c5f158dc01') in 0.014207 seconds 
  Import took 0.018114 seconds .

========================================================================
Received Import Request.
  Time since last request: 0.011474 seconds.
  path: Assets/Animation/New Animation.anim
  artifactKey: Guid(7fae580991b23954fa828973769e78ff) Importer(815301076,1909f56bfc062723c751e8b465ee728b)
Start importing Assets/Animation/New Animation.anim using Guid(7fae580991b23954fa828973769e78ff) Importer(815301076,1909f56bfc062723c751e8b465ee728b)  -> (artifact id: 'c810f0422612aa075d1d23c5f158dc01') in 0.004845 seconds 
  Import took 0.007726 seconds .

========================================================================
Received Import Request.
  Time since last request: 108.200171 seconds.
  path: Assets/Animation/door.anim
  artifactKey: Guid(7f75dfd93495527459bedab12b1c6f1a) Importer(815301076,1909f56bfc062723c751e8b465ee728b)
Start importing Assets/Animation/door.anim using Guid(7f75dfd93495527459bedab12b1c6f1a) Importer(815301076,1909f56bfc062723c751e8b465ee728b)  -> (artifact id: '20d00029452c3ce7dcff9d43d7dc0f19') in 0.011651 seconds 
  Import took 0.015594 seconds .

========================================================================
Received Import Request.
  Time since last request: 0.011620 seconds.
  path: Assets/Animation/door.anim
  artifactKey: Guid(7f75dfd93495527459bedab12b1c6f1a) Importer(815301076,1909f56bfc062723c751e8b465ee728b)
Start importing Assets/Animation/door.anim using Guid(7f75dfd93495527459bedab12b1c6f1a) Importer(815301076,1909f56bfc062723c751e8b465ee728b)  -> (artifact id: '20d00029452c3ce7dcff9d43d7dc0f19') in 0.006463 seconds 
  Import took 0.010493 seconds .

========================================================================
Received Import Request.
  Time since last request: 144.116512 seconds.
  path: Assets/Samples/Google Cardboard XR Plugin for Unity/1.9.0/Hello Cardboard/Models/Icosahedron.obj
  artifactKey: Guid(ae120d8251d1948cc9349cf3ff881336) Importer(815301076,1909f56bfc062723c751e8b465ee728b)
Start importing Assets/Samples/Google Cardboard XR Plugin for Unity/1.9.0/Hello Cardboard/Models/Icosahedron.obj using Guid(ae120d8251d1948cc9349cf3ff881336) Importer(815301076,1909f56bfc062723c751e8b465ee728b)  -> (artifact id: '36ef54d227e57583473cd8fa0d187ede') in 0.078473 seconds 
  Import took 0.082096 seconds .

========================================================================
Received Import Request.
  Time since last request: 0.000244 seconds.
  path: Assets/Samples/Google Cardboard XR Plugin for Unity/1.9.0/Hello Cardboard/Models/QuadSphere.obj
  artifactKey: Guid(b72f909583e324e448ea939d5cd2745f) Importer(815301076,1909f56bfc062723c751e8b465ee728b)
Start importing Assets/Samples/Google Cardboard XR Plugin for Unity/1.9.0/Hello Cardboard/Models/QuadSphere.obj using Guid(b72f909583e324e448ea939d5cd2745f) Importer(815301076,1909f56bfc062723c751e8b465ee728b)  -> (artifact id: 'ba347b62f4d2d71297ae3e22e2c953f6') in 0.043887 seconds 
  Import took 0.046862 seconds .

========================================================================
Received Import Request.
  Time since last request: 0.000308 seconds.
  path: Assets/Samples/Google Cardboard XR Plugin for Unity/1.9.0/Hello Cardboard/Models/TriSphere.obj
  artifactKey: Guid(1712e013c7c2d4169b7e9bfb5a2d8c84) Importer(815301076,1909f56bfc062723c751e8b465ee728b)
Start importing Assets/Samples/Google Cardboard XR Plugin for Unity/1.9.0/Hello Cardboard/Models/TriSphere.obj using Guid(1712e013c7c2d4169b7e9bfb5a2d8c84) Importer(815301076,1909f56bfc062723c751e8b465ee728b)  -> (artifact id: '0cdada9395b02a35fb980ba994d4826d') in 0.041755 seconds 
  Import took 0.045619 seconds .

========================================================================
Received Import Request.
  Time since last request: 0.000352 seconds.
  path: Assets/Samples/Google Cardboard XR Plugin for Unity/1.9.0/Hello Cardboard/Models/QuadSphere.obj
  artifactKey: Guid(b72f909583e324e448ea939d5cd2745f) Importer(815301076,1909f56bfc062723c751e8b465ee728b)
Start importing Assets/Samples/Google Cardboard XR Plugin for Unity/1.9.0/Hello Cardboard/Models/QuadSphere.obj using Guid(b72f909583e324e448ea939d5cd2745f) Importer(815301076,1909f56bfc062723c751e8b465ee728b)  -> (artifact id: 'ba347b62f4d2d71297ae3e22e2c953f6') in 0.039007 seconds 
  Import took 0.042775 seconds .

========================================================================
Received Import Request.
  Time since last request: 1.145478 seconds.
  path: Assets/Samples/Google Cardboard XR Plugin for Unity/1.9.0/Hello Cardboard/Models/Materials/IcosahedronBlue.mat
  artifactKey: Guid(d273276aed64642deac3f52504ab44eb) Importer(815301076,1909f56bfc062723c751e8b465ee728b)
Start importing Assets/Samples/Google Cardboard XR Plugin for Unity/1.9.0/Hello Cardboard/Models/Materials/IcosahedronBlue.mat using Guid(d273276aed64642deac3f52504ab44eb) Importer(815301076,1909f56bfc062723c751e8b465ee728b)  -> (artifact id: '9172746fcd2312fdc17c857bbb3bd5d2') in 0.050657 seconds 
  Import took 0.053917 seconds .

========================================================================
Received Import Request.
  Time since last request: 0.000180 seconds.
  path: Assets/Samples/Google Cardboard XR Plugin for Unity/1.9.0/Hello Cardboard/Models/Materials/TriSpherePink.mat
  artifactKey: Guid(98e1ed660e0a3453494d31d659d7388c) Importer(815301076,1909f56bfc062723c751e8b465ee728b)
Start importing Assets/Samples/Google Cardboard XR Plugin for Unity/1.9.0/Hello Cardboard/Models/Materials/TriSpherePink.mat using Guid(98e1ed660e0a3453494d31d659d7388c) Importer(815301076,1909f56bfc062723c751e8b465ee728b)  -> (artifact id: '727bebd3a34d7a7583c5ac11e4b5aba2') in 0.026433 seconds 
  Import took 0.029257 seconds .

========================================================================
Received Import Request.
  Time since last request: 0.000293 seconds.
  path: Assets/Samples/Google Cardboard XR Plugin for Unity/1.9.0/Hello Cardboard/Models/Materials/QuadSpherePink.mat
  artifactKey: Guid(4cc7d26a25d984c5b876a1faafcf6235) Importer(815301076,1909f56bfc062723c751e8b465ee728b)
Start importing Assets/Samples/Google Cardboard XR Plugin for Unity/1.9.0/Hello Cardboard/Models/Materials/QuadSpherePink.mat using Guid(4cc7d26a25d984c5b876a1faafcf6235) Importer(815301076,1909f56bfc062723c751e8b465ee728b)  -> (artifact id: '80254fc294d6c5a3b4d74bdc08ce8df7') in 0.028507 seconds 
  Import took 0.032001 seconds .

========================================================================
Received Import Request.
  Time since last request: 0.000252 seconds.
  path: Assets/Samples/Google Cardboard XR Plugin for Unity/1.9.0/Hello Cardboard/Models/Materials/TriSphereBlue.mat
  artifactKey: Guid(b5f3136c0efcb40b18050a014202c92c) Importer(815301076,1909f56bfc062723c751e8b465ee728b)
Start importing Assets/Samples/Google Cardboard XR Plugin for Unity/1.9.0/Hello Cardboard/Models/Materials/TriSphereBlue.mat using Guid(b5f3136c0efcb40b18050a014202c92c) Importer(815301076,1909f56bfc062723c751e8b465ee728b)  -> (artifact id: '7ae1f27206e920d3ae2d711f1279c59f') in 0.034207 seconds 
  Import took 0.037103 seconds .

========================================================================
Received Import Request.
  Time since last request: 0.000186 seconds.
  path: Assets/Samples/Google Cardboard XR Plugin for Unity/1.9.0/Hello Cardboard/Models/Materials/QuadSphereBlue.mat
  artifactKey: Guid(026c99290ad2d42e98195d21d1c5a21d) Importer(815301076,1909f56bfc062723c751e8b465ee728b)
Start importing Assets/Samples/Google Cardboard XR Plugin for Unity/1.9.0/Hello Cardboard/Models/Materials/QuadSphereBlue.mat using Guid(026c99290ad2d42e98195d21d1c5a21d) Importer(815301076,1909f56bfc062723c751e8b465ee728b)  -> (artifact id: '470954900f87f83c95c8855012a05ee8') in 0.031418 seconds 
  Import took 0.034808 seconds .

========================================================================
Received Import Request.
  Time since last request: 0.000210 seconds.
  path: Assets/Samples/Google Cardboard XR Plugin for Unity/1.9.0/Hello Cardboard/Models/Materials/IcosahedronPink.mat
  artifactKey: Guid(e569b4a1fb5d044619efe1abc174c85f) Importer(815301076,1909f56bfc062723c751e8b465ee728b)
Start importing Assets/Samples/Google Cardboard XR Plugin for Unity/1.9.0/Hello Cardboard/Models/Materials/IcosahedronPink.mat using Guid(e569b4a1fb5d044619efe1abc174c85f) Importer(815301076,1909f56bfc062723c751e8b465ee728b)  -> (artifact id: 'da3a837a0d0ea1ea0a441236b38be304') in 0.029915 seconds 
  Import took 0.033640 seconds .

========================================================================
Received Import Request.
  Time since last request: 341.378015 seconds.
  path: Assets/Animation/door.anim
  artifactKey: Guid(7f75dfd93495527459bedab12b1c6f1a) Importer(815301076,1909f56bfc062723c751e8b465ee728b)
Start importing Assets/Animation/door.anim using Guid(7f75dfd93495527459bedab12b1c6f1a) Importer(815301076,1909f56bfc062723c751e8b465ee728b)  -> (artifact id: '9cc1d380f2bd78684e0c3a381f3efbf2') in 0.006461 seconds 
  Import took 0.009905 seconds .

========================================================================
Received Import Request.
  Time since last request: 10.901225 seconds.
  path: Assets/Animation/互動門中心點.controller
  artifactKey: Guid(f155636cf1a11bb4b91289f41049630e) Importer(815301076,1909f56bfc062723c751e8b465ee728b)
Start importing Assets/Animation/互動門中心點.controller using Guid(f155636cf1a11bb4b91289f41049630e) Importer(815301076,1909f56bfc062723c751e8b465ee728b)  -> (artifact id: '53194ba879da546920de1a9e0fad9d38') in 0.012762 seconds 
  Import took 0.015531 seconds .

